26-Jan-2024 21:08:51.789 정보 [main] org.apache.catalina.startup.VersionLoggerListener.log 서버 버전 이름:    Apache Tomcat/9.0.83
26-Jan-2024 21:08:51.789 정보 [main] org.apache.catalina.startup.VersionLoggerListener.log Server 빌드 시각:  Nov 9 2023 20:57:42 UTC
26-Jan-2024 21:08:51.789 정보 [main] org.apache.catalina.startup.VersionLoggerListener.log Server 버전 번호:  9.0.83.0
26-Jan-2024 21:08:51.789 정보 [main] org.apache.catalina.startup.VersionLoggerListener.log 운영체제 이름:     Windows 10
26-Jan-2024 21:08:51.789 정보 [main] org.apache.catalina.startup.VersionLoggerListener.log 운영체제 버전:     10.0
26-Jan-2024 21:08:51.836 정보 [main] org.apache.catalina.startup.VersionLoggerListener.log 아키텍처:          amd64
26-Jan-2024 21:08:51.836 정보 [main] org.apache.catalina.startup.VersionLoggerListener.log 자바 홈:           C:\Program Files\Java\jdk1.8.0_201\jre
26-Jan-2024 21:08:51.836 정보 [main] org.apache.catalina.startup.VersionLoggerListener.log JVM 버전:          1.8.0_201-b09
26-Jan-2024 21:08:51.836 정보 [main] org.apache.catalina.startup.VersionLoggerListener.log JVM 벤더:          Oracle Corporation
26-Jan-2024 21:08:51.836 정보 [main] org.apache.catalina.startup.VersionLoggerListener.log CATALINA_BASE:     E:\Web\EclipseWorkspace\MoIpJi\bin\Tomcat9
26-Jan-2024 21:08:51.836 정보 [main] org.apache.catalina.startup.VersionLoggerListener.log CATALINA_HOME:     E:\Web\EclipseWorkspace\MoIpJi\bin\Tomcat9
26-Jan-2024 21:08:51.836 정보 [main] org.apache.catalina.startup.VersionLoggerListener.log 명령 행 아규먼트:  -Dcatalina.home=E:\Web\EclipseWorkspace\MoIpJi\bin\Tomcat9
26-Jan-2024 21:08:51.836 정보 [main] org.apache.catalina.startup.VersionLoggerListener.log 명령 행 아규먼트:  -Dcatalina.base=E:\Web\EclipseWorkspace\MoIpJi\bin\Tomcat9
26-Jan-2024 21:08:51.836 정보 [main] org.apache.catalina.startup.VersionLoggerListener.log 명령 행 아규먼트:  -Djava.io.tmpdir=E:\Web\EclipseWorkspace\MoIpJi\bin\Tomcat9\temp
26-Jan-2024 21:08:51.836 정보 [main] org.apache.catalina.startup.VersionLoggerListener.log 명령 행 아규먼트:  -Djava.util.logging.manager=org.apache.juli.ClassLoaderLogManager
26-Jan-2024 21:08:51.836 정보 [main] org.apache.catalina.startup.VersionLoggerListener.log 명령 행 아규먼트:  -Djava.util.logging.config.file=E:\Web\EclipseWorkspace\MoIpJi\bin\Tomcat9\conf\logging.properties
26-Jan-2024 21:08:51.836 정보 [main] org.apache.catalina.startup.VersionLoggerListener.log 명령 행 아규먼트:  exit
26-Jan-2024 21:08:51.836 정보 [main] org.apache.catalina.startup.VersionLoggerListener.log 명령 행 아규먼트:  abort
26-Jan-2024 21:08:51.841 정보 [main] org.apache.catalina.startup.VersionLoggerListener.log 명령 행 아규먼트:  -Xms128m
26-Jan-2024 21:08:51.841 정보 [main] org.apache.catalina.startup.VersionLoggerListener.log 명령 행 아규먼트:  -Xmx256m
26-Jan-2024 21:08:51.841 정보 [main] org.apache.catalina.core.AprLifecycleListener.lifecycleEvent 프로덕션 환경들에서 최적의 성능을 제공하는, APR 기반 Apache Tomcat Native 라이브러리가, 다음 java.library.path에서 발견되지 않습니다: [E:\Web\EclipseWorkspace\MoIpJi\bin\Tomcat9\bin;C:\WINDOWS\Sun\Java\bin;C:\WINDOWS\system32;C:\WINDOWS;C:\Program Files\Java\jdk1.8.0_201\jre\bin;E:\21c\dbhomeXE\bin;C:\WINDOWS\system32;C:\WINDOWS;C:\WINDOWS\System32\Wbem;C:\WINDOWS\System32\WindowsPowerShell\v1.0\;C:\WINDOWS\System32\OpenSSH\;C:\Program Files\Bandizip\;C:\Program Files\dotnet\;E:\Tools\nodejs\;E:\Git\cmd;C:\WINDOWS\ServiceProfiles\LocalService\AppData\Local\Microsoft\WindowsApps;.]
26-Jan-2024 21:08:52.072 정보 [main] org.apache.coyote.AbstractProtocol.init 프로토콜 핸들러 ["http-nio-8080"]을(를) 초기화합니다.
26-Jan-2024 21:08:52.103 정보 [main] org.apache.catalina.startup.Catalina.load [459] 밀리초 내에 서버가 초기화되었습니다.
26-Jan-2024 21:08:52.119 정보 [main] org.apache.catalina.core.StandardService.startInternal 서비스 [Catalina]을(를) 시작합니다.
26-Jan-2024 21:08:52.119 정보 [main] org.apache.catalina.core.StandardEngine.startInternal 서버 엔진을 시작합니다: [Apache Tomcat/9.0.83]
26-Jan-2024 21:08:52.134 정보 [main] org.apache.catalina.startup.HostConfig.deployDirectory 웹 애플리케이션 디렉토리 [E:\Web\EclipseWorkspace\MoIpJi\bin\Tomcat9\webapps\docs]을(를) 배치합니다.
26-Jan-2024 21:08:52.414 경고 [main] org.apache.catalina.util.SessionIdGeneratorBase.createSecureRandom [SHA1PRNG] 알고리즘을 사용하여, 세션 ID를 생성하기 위한 SecureRandom 객체를 생성하는데, [105] 밀리초가 소요됐습니다.
26-Jan-2024 21:08:52.436 정보 [main] org.apache.catalina.startup.HostConfig.deployDirectory 웹 애플리케이션 디렉토리 [E:\Web\EclipseWorkspace\MoIpJi\bin\Tomcat9\webapps\docs]에 대한 배치가 [298] 밀리초에 완료되었습니다.
26-Jan-2024 21:08:52.436 정보 [main] org.apache.catalina.startup.HostConfig.deployDirectory 웹 애플리케이션 디렉토리 [E:\Web\EclipseWorkspace\MoIpJi\bin\Tomcat9\webapps\manager]을(를) 배치합니다.
26-Jan-2024 21:08:52.464 정보 [main] org.apache.catalina.startup.HostConfig.deployDirectory 웹 애플리케이션 디렉토리 [E:\Web\EclipseWorkspace\MoIpJi\bin\Tomcat9\webapps\manager]에 대한 배치가 [28] 밀리초에 완료되었습니다.
26-Jan-2024 21:08:52.464 정보 [main] org.apache.catalina.startup.HostConfig.deployDirectory 웹 애플리케이션 디렉토리 [E:\Web\EclipseWorkspace\MoIpJi\bin\Tomcat9\webapps\ROOT]을(를) 배치합니다.
26-Jan-2024 21:08:52.479 정보 [main] org.apache.catalina.startup.HostConfig.deployDirectory 웹 애플리케이션 디렉토리 [E:\Web\EclipseWorkspace\MoIpJi\bin\Tomcat9\webapps\ROOT]에 대한 배치가 [15] 밀리초에 완료되었습니다.
26-Jan-2024 21:08:52.479 정보 [main] org.apache.coyote.AbstractProtocol.start 프로토콜 핸들러 ["http-nio-8080"]을(를) 시작합니다.
26-Jan-2024 21:08:52.492 정보 [main] org.apache.catalina.startup.Catalina.start 서버가 [393] 밀리초 내에 시작되었습니다.
