09-Dec-2023 18:29:55.663 정보 [main] org.apache.catalina.startup.VersionLoggerListener.log 서버 버전 이름:    Apache Tomcat/9.0.83
09-Dec-2023 18:29:55.694 정보 [main] org.apache.catalina.startup.VersionLoggerListener.log Server 빌드 시각:  Nov 9 2023 20:57:42 UTC
09-Dec-2023 18:29:55.694 정보 [main] org.apache.catalina.startup.VersionLoggerListener.log Server 버전 번호:  9.0.83.0
09-Dec-2023 18:29:55.694 정보 [main] org.apache.catalina.startup.VersionLoggerListener.log 운영체제 이름:     Windows 10
09-Dec-2023 18:29:55.694 정보 [main] org.apache.catalina.startup.VersionLoggerListener.log 운영체제 버전:     10.0
09-Dec-2023 18:29:55.694 정보 [main] org.apache.catalina.startup.VersionLoggerListener.log 아키텍처:          amd64
09-Dec-2023 18:29:55.694 정보 [main] org.apache.catalina.startup.VersionLoggerListener.log 자바 홈:           C:\Program Files\Java\jdk1.8.0_201\jre
09-Dec-2023 18:29:55.694 정보 [main] org.apache.catalina.startup.VersionLoggerListener.log JVM 버전:          1.8.0_201-b09
09-Dec-2023 18:29:55.694 정보 [main] org.apache.catalina.startup.VersionLoggerListener.log JVM 벤더:          Oracle Corporation
09-Dec-2023 18:29:55.694 정보 [main] org.apache.catalina.startup.VersionLoggerListener.log CATALINA_BASE:     C:\Program Files\Apache Software Foundation\Tomcat 9.0
09-Dec-2023 18:29:55.694 정보 [main] org.apache.catalina.startup.VersionLoggerListener.log CATALINA_HOME:     C:\Program Files\Apache Software Foundation\Tomcat 9.0
09-Dec-2023 18:29:55.725 정보 [main] org.apache.catalina.startup.VersionLoggerListener.log 명령 행 아규먼트:  -Dcatalina.home=C:\Program Files\Apache Software Foundation\Tomcat 9.0
09-Dec-2023 18:29:55.725 정보 [main] org.apache.catalina.startup.VersionLoggerListener.log 명령 행 아규먼트:  -Dcatalina.base=C:\Program Files\Apache Software Foundation\Tomcat 9.0
09-Dec-2023 18:29:55.725 정보 [main] org.apache.catalina.startup.VersionLoggerListener.log 명령 행 아규먼트:  -Djava.io.tmpdir=C:\Program Files\Apache Software Foundation\Tomcat 9.0\temp
09-Dec-2023 18:29:55.725 정보 [main] org.apache.catalina.startup.VersionLoggerListener.log 명령 행 아규먼트:  -Djava.util.logging.manager=org.apache.juli.ClassLoaderLogManager
09-Dec-2023 18:29:55.725 정보 [main] org.apache.catalina.startup.VersionLoggerListener.log 명령 행 아규먼트:  -Djava.util.logging.config.file=C:\Program Files\Apache Software Foundation\Tomcat 9.0\conf\logging.properties
09-Dec-2023 18:29:55.725 정보 [main] org.apache.catalina.startup.VersionLoggerListener.log 명령 행 아규먼트:  exit
09-Dec-2023 18:29:55.725 정보 [main] org.apache.catalina.startup.VersionLoggerListener.log 명령 행 아규먼트:  abort
09-Dec-2023 18:29:55.725 정보 [main] org.apache.catalina.startup.VersionLoggerListener.log 명령 행 아규먼트:  -Xms128m
09-Dec-2023 18:29:55.725 정보 [main] org.apache.catalina.startup.VersionLoggerListener.log 명령 행 아규먼트:  -Xmx256m
09-Dec-2023 18:29:55.741 정보 [main] org.apache.catalina.core.AprLifecycleListener.lifecycleEvent 프로덕션 환경들에서 최적의 성능을 제공하는, APR 기반 Apache Tomcat Native 라이브러리가, 다음 java.library.path에서 발견되지 않습니다: [C:\Program Files\Apache Software Foundation\Tomcat 9.0\bin;C:\WINDOWS\Sun\Java\bin;C:\WINDOWS\system32;C:\WINDOWS;C:\Program Files\Java\jdk1.8.0_201\jre\bin;C:\WINDOWS\system32;C:\WINDOWS;C:\WINDOWS\System32\Wbem;C:\WINDOWS\System32\WindowsPowerShell\v1.0\;C:\WINDOWS\System32\OpenSSH\;C:\Program Files\Bandizip\;C:\Program Files\dotnet\;E:\Tools\nodejs\;C:\WINDOWS\ServiceProfiles\LocalService\AppData\Local\Microsoft\WindowsApps;.]
09-Dec-2023 18:29:57.533 정보 [main] org.apache.coyote.AbstractProtocol.init 프로토콜 핸들러 ["http-nio-8080"]을(를) 초기화합니다.
09-Dec-2023 18:29:57.565 정보 [main] org.apache.catalina.startup.Catalina.load [2285] 밀리초 내에 서버가 초기화되었습니다.
09-Dec-2023 18:29:57.640 정보 [main] org.apache.catalina.core.StandardService.startInternal 서비스 [Catalina]을(를) 시작합니다.
09-Dec-2023 18:29:57.640 정보 [main] org.apache.catalina.core.StandardEngine.startInternal 서버 엔진을 시작합니다: [Apache Tomcat/9.0.83]
09-Dec-2023 18:29:57.657 정보 [main] org.apache.catalina.startup.HostConfig.deployDirectory 웹 애플리케이션 디렉토리 [C:\Program Files\Apache Software Foundation\Tomcat 9.0\webapps\docs]을(를) 배치합니다.
09-Dec-2023 18:29:58.370 경고 [main] org.apache.catalina.util.SessionIdGeneratorBase.createSecureRandom [SHA1PRNG] 알고리즘을 사용하여, 세션 ID를 생성하기 위한 SecureRandom 객체를 생성하는데, [272] 밀리초가 소요됐습니다.
09-Dec-2023 18:29:58.408 정보 [main] org.apache.catalina.startup.HostConfig.deployDirectory 웹 애플리케이션 디렉토리 [C:\Program Files\Apache Software Foundation\Tomcat 9.0\webapps\docs]에 대한 배치가 [751] 밀리초에 완료되었습니다.
09-Dec-2023 18:29:58.408 정보 [main] org.apache.catalina.startup.HostConfig.deployDirectory 웹 애플리케이션 디렉토리 [C:\Program Files\Apache Software Foundation\Tomcat 9.0\webapps\manager]을(를) 배치합니다.
09-Dec-2023 18:29:58.518 정보 [main] org.apache.catalina.startup.HostConfig.deployDirectory 웹 애플리케이션 디렉토리 [C:\Program Files\Apache Software Foundation\Tomcat 9.0\webapps\manager]에 대한 배치가 [110] 밀리초에 완료되었습니다.
09-Dec-2023 18:29:58.518 정보 [main] org.apache.catalina.startup.HostConfig.deployDirectory 웹 애플리케이션 디렉토리 [C:\Program Files\Apache Software Foundation\Tomcat 9.0\webapps\ROOT]을(를) 배치합니다.
09-Dec-2023 18:29:58.596 정보 [main] org.apache.catalina.startup.HostConfig.deployDirectory 웹 애플리케이션 디렉토리 [C:\Program Files\Apache Software Foundation\Tomcat 9.0\webapps\ROOT]에 대한 배치가 [78] 밀리초에 완료되었습니다.
09-Dec-2023 18:29:58.596 정보 [main] org.apache.coyote.AbstractProtocol.start 프로토콜 핸들러 ["http-nio-8080"]을(를) 시작합니다.
09-Dec-2023 18:29:58.643 정보 [main] org.apache.catalina.startup.Catalina.start 서버가 [1079] 밀리초 내에 시작되었습니다.
09-Dec-2023 18:54:57.060 정보 [Thread-3] org.apache.coyote.AbstractProtocol.pause 프로토콜 핸들러 ["http-nio-8080"]을(를) 일시 정지 중
09-Dec-2023 18:54:57.122 정보 [Thread-3] org.apache.catalina.core.StandardService.stopInternal 서비스 [Catalina]을(를) 중지시킵니다.
09-Dec-2023 18:54:57.155 정보 [Thread-3] org.apache.coyote.AbstractProtocol.stop 프로토콜 핸들러 ["http-nio-8080"]을(를) 중지시킵니다.
09-Dec-2023 18:54:57.171 정보 [Thread-3] org.apache.coyote.AbstractProtocol.destroy 프로토콜 핸들러 ["http-nio-8080"]을(를) 소멸시킵니다.
